<?xml version="1.0" encoding="UTF-8"?>
<!-- Generated by org.testng.reporters.JUnitXMLReporter -->
<testsuite ignored="0" hostname="AlenaBook" failures="0" tests="4" name="Default test" time="27.83" errors="0" timestamp="2023-06-22T10:56:12 EDT">
  <testcase classname="testLayer.LoginTest" name="Title" time="0.013"/>
  <testcase classname="testLayer.LoginTest" name="Login" time="3.633"/>
  <testcase classname="testLayer.LoginTest" name="Login" time="3.627"/>
  <testcase classname="testLayer.LoginTest" name="Login" time="3.626"/>
</testsuite> <!-- Default test -->
