<?xml version="1.0" encoding="UTF-8"?>
<!-- Generated by org.testng.reporters.JUnitXMLReporter -->
<testsuite ignored="0" hostname="AlenaBook" failures="0" tests="4" name="Default test" time="28.546" errors="0" timestamp="2023-06-22T13:56:19 EDT">
  <testcase classname="testLayer.LoginTest" name="Title" time="0.015"/>
  <testcase classname="testLayer.LoginTest" name="Login" time="1.868"/>
  <testcase classname="testLayer.LoginTest" name="Login" time="1.828"/>
  <testcase classname="testLayer.LoginTest" name="Login" time="1.826"/>
</testsuite> <!-- Default test -->
