<?xml version="1.0" encoding="UTF-8"?>
<testng-results ignored="0" total="4" passed="4" failed="0" skipped="0">
  <reporter-output>
  </reporter-output>
  <suite started-at="2023-06-22T10:55:44 EDT" name="Default suite" finished-at="2023-06-22T10:56:12 EDT" duration-ms="27830">
    <groups>
    </groups>
    <test started-at="2023-06-22T10:55:44 EDT" name="Default test" finished-at="2023-06-22T10:56:12 EDT" duration-ms="27830">
      <class name="testLayer.LoginTest">
        <test-method is-config="true" signature="initsetup()[pri:0, instance:testLayer.LoginTest@3270d194]" started-at="2023-06-22T10:55:45 EDT" name="initsetup" finished-at="2023-06-22T10:55:49 EDT" duration-ms="4819" status="PASS">
          <reporter-output>
          </reporter-output>
        </test-method> <!-- initsetup -->
        <test-method signature="Title()[pri:1, instance:testLayer.LoginTest@3270d194]" started-at="2023-06-22T10:55:49 EDT" name="Title" finished-at="2023-06-22T10:55:49 EDT" duration-ms="13" status="PASS">
          <reporter-output>
          </reporter-output>
        </test-method> <!-- Title -->
        <test-method is-config="true" signature="close()[pri:0, instance:testLayer.LoginTest@3270d194]" started-at="2023-06-22T10:55:49 EDT" name="close" finished-at="2023-06-22T10:55:49 EDT" duration-ms="52" status="PASS">
          <reporter-output>
          </reporter-output>
        </test-method> <!-- close -->
        <test-method is-config="true" signature="initsetup()[pri:0, instance:testLayer.LoginTest@3270d194]" started-at="2023-06-22T10:55:50 EDT" name="initsetup" finished-at="2023-06-22T10:55:54 EDT" duration-ms="3844" status="PASS">
          <reporter-output>
          </reporter-output>
        </test-method> <!-- initsetup -->
        <test-method signature="Login(java.lang.String,java.lang.String)[pri:2, instance:testLayer.LoginTest@3270d194]" started-at="2023-06-22T10:55:54 EDT" name="Login" data-provider="Details" finished-at="2023-06-22T10:55:57 EDT" duration-ms="3633" status="PASS">
          <params>
            <param index="0">
              <value>
                <![CDATA[Admin]]>
              </value>
            </param>
            <param index="1">
              <value>
                <![CDATA[admin123]]>
              </value>
            </param>
          </params>
          <reporter-output>
          </reporter-output>
        </test-method> <!-- Login -->
        <test-method is-config="true" signature="close()[pri:0, instance:testLayer.LoginTest@3270d194]" started-at="2023-06-22T10:55:57 EDT" name="close" finished-at="2023-06-22T10:55:57 EDT" duration-ms="89" status="PASS">
          <reporter-output>
          </reporter-output>
        </test-method> <!-- close -->
        <test-method is-config="true" signature="initsetup()[pri:0, instance:testLayer.LoginTest@3270d194]" started-at="2023-06-22T10:55:57 EDT" name="initsetup" finished-at="2023-06-22T10:56:01 EDT" duration-ms="3693" status="PASS">
          <reporter-output>
          </reporter-output>
        </test-method> <!-- initsetup -->
        <test-method signature="Login(java.lang.String,java.lang.String)[pri:2, instance:testLayer.LoginTest@3270d194]" started-at="2023-06-22T10:56:01 EDT" name="Login" data-provider="Details" finished-at="2023-06-22T10:56:05 EDT" duration-ms="3627" status="PASS">
          <params>
            <param index="0">
              <value>
                <![CDATA[Admin]]>
              </value>
            </param>
            <param index="1">
              <value>
                <![CDATA[abcd]]>
              </value>
            </param>
          </params>
          <reporter-output>
          </reporter-output>
        </test-method> <!-- Login -->
        <test-method is-config="true" signature="close()[pri:0, instance:testLayer.LoginTest@3270d194]" started-at="2023-06-22T10:56:05 EDT" name="close" finished-at="2023-06-22T10:56:05 EDT" duration-ms="86" status="PASS">
          <reporter-output>
          </reporter-output>
        </test-method> <!-- close -->
        <test-method is-config="true" signature="initsetup()[pri:0, instance:testLayer.LoginTest@3270d194]" started-at="2023-06-22T10:56:05 EDT" name="initsetup" finished-at="2023-06-22T10:56:09 EDT" duration-ms="3761" status="PASS">
          <reporter-output>
          </reporter-output>
        </test-method> <!-- initsetup -->
        <test-method signature="Login(java.lang.String,java.lang.String)[pri:2, instance:testLayer.LoginTest@3270d194]" started-at="2023-06-22T10:56:09 EDT" name="Login" data-provider="Details" finished-at="2023-06-22T10:56:12 EDT" duration-ms="3626" status="PASS">
          <params>
            <param index="0">
              <value>
                <![CDATA[fake]]>
              </value>
            </param>
            <param index="1">
              <value>
                <![CDATA[superfake]]>
              </value>
            </param>
          </params>
          <reporter-output>
          </reporter-output>
        </test-method> <!-- Login -->
        <test-method is-config="true" signature="close()[pri:0, instance:testLayer.LoginTest@3270d194]" started-at="2023-06-22T10:56:12 EDT" name="close" finished-at="2023-06-22T10:56:12 EDT" duration-ms="109" status="PASS">
          <reporter-output>
          </reporter-output>
        </test-method> <!-- close -->
      </class> <!-- testLayer.LoginTest -->
    </test> <!-- Default test -->
  </suite> <!-- Default suite -->
</testng-results>
