<?xml version="1.0" encoding="UTF-8"?>
<testng-results ignored="0" total="4" passed="4" failed="0" skipped="0">
  <reporter-output>
  </reporter-output>
  <suite started-at="2023-06-22T13:55:51 EDT" name="Default suite" finished-at="2023-06-22T13:56:19 EDT" duration-ms="28546">
    <groups>
    </groups>
    <test started-at="2023-06-22T13:55:51 EDT" name="Default test" finished-at="2023-06-22T13:56:19 EDT" duration-ms="28546">
      <class name="testLayer.LoginTest">
        <test-method is-config="true" signature="initsetup()[pri:0, instance:testLayer.LoginTest@3270d194]" started-at="2023-06-22T13:55:51 EDT" name="initsetup" finished-at="2023-06-22T13:55:57 EDT" duration-ms="6634" status="PASS">
          <reporter-output>
          </reporter-output>
        </test-method> <!-- initsetup -->
        <test-method signature="Title()[pri:1, instance:testLayer.LoginTest@3270d194]" started-at="2023-06-22T13:55:57 EDT" name="Title" finished-at="2023-06-22T13:55:57 EDT" duration-ms="15" status="PASS">
          <reporter-output>
          </reporter-output>
        </test-method> <!-- Title -->
        <test-method is-config="true" signature="close()[pri:0, instance:testLayer.LoginTest@3270d194]" started-at="2023-06-22T13:55:58 EDT" name="close" finished-at="2023-06-22T13:55:58 EDT" duration-ms="51" status="PASS">
          <reporter-output>
          </reporter-output>
        </test-method> <!-- close -->
        <test-method is-config="true" signature="initsetup()[pri:0, instance:testLayer.LoginTest@3270d194]" started-at="2023-06-22T13:55:58 EDT" name="initsetup" finished-at="2023-06-22T13:56:03 EDT" duration-ms="5476" status="PASS">
          <reporter-output>
          </reporter-output>
        </test-method> <!-- initsetup -->
        <test-method signature="Login(java.lang.String,java.lang.String)[pri:2, instance:testLayer.LoginTest@3270d194]" started-at="2023-06-22T13:56:03 EDT" name="Login" data-provider="Details" finished-at="2023-06-22T13:56:05 EDT" duration-ms="1868" status="PASS">
          <params>
            <param index="0">
              <value>
                <![CDATA[Admin]]>
              </value>
            </param>
            <param index="1">
              <value>
                <![CDATA[admin123]]>
              </value>
            </param>
          </params>
          <reporter-output>
          </reporter-output>
        </test-method> <!-- Login -->
        <test-method is-config="true" signature="close()[pri:0, instance:testLayer.LoginTest@3270d194]" started-at="2023-06-22T13:56:05 EDT" name="close" finished-at="2023-06-22T13:56:05 EDT" duration-ms="78" status="PASS">
          <reporter-output>
          </reporter-output>
        </test-method> <!-- close -->
        <test-method is-config="true" signature="initsetup()[pri:0, instance:testLayer.LoginTest@3270d194]" started-at="2023-06-22T13:56:05 EDT" name="initsetup" finished-at="2023-06-22T13:56:11 EDT" duration-ms="5169" status="PASS">
          <reporter-output>
          </reporter-output>
        </test-method> <!-- initsetup -->
        <test-method signature="Login(java.lang.String,java.lang.String)[pri:2, instance:testLayer.LoginTest@3270d194]" started-at="2023-06-22T13:56:11 EDT" name="Login" data-provider="Details" finished-at="2023-06-22T13:56:12 EDT" duration-ms="1828" status="PASS">
          <params>
            <param index="0">
              <value>
                <![CDATA[Admin]]>
              </value>
            </param>
            <param index="1">
              <value>
                <![CDATA[abcd]]>
              </value>
            </param>
          </params>
          <reporter-output>
          </reporter-output>
        </test-method> <!-- Login -->
        <test-method is-config="true" signature="close()[pri:0, instance:testLayer.LoginTest@3270d194]" started-at="2023-06-22T13:56:12 EDT" name="close" finished-at="2023-06-22T13:56:13 EDT" duration-ms="89" status="PASS">
          <reporter-output>
          </reporter-output>
        </test-method> <!-- close -->
        <test-method is-config="true" signature="initsetup()[pri:0, instance:testLayer.LoginTest@3270d194]" started-at="2023-06-22T13:56:13 EDT" name="initsetup" finished-at="2023-06-22T13:56:17 EDT" duration-ms="4970" status="PASS">
          <reporter-output>
          </reporter-output>
        </test-method> <!-- initsetup -->
        <test-method signature="Login(java.lang.String,java.lang.String)[pri:2, instance:testLayer.LoginTest@3270d194]" started-at="2023-06-22T13:56:17 EDT" name="Login" data-provider="Details" finished-at="2023-06-22T13:56:19 EDT" duration-ms="1826" status="PASS">
          <params>
            <param index="0">
              <value>
                <![CDATA[fake]]>
              </value>
            </param>
            <param index="1">
              <value>
                <![CDATA[superfake]]>
              </value>
            </param>
          </params>
          <reporter-output>
          </reporter-output>
        </test-method> <!-- Login -->
        <test-method is-config="true" signature="close()[pri:0, instance:testLayer.LoginTest@3270d194]" started-at="2023-06-22T13:56:19 EDT" name="close" finished-at="2023-06-22T13:56:19 EDT" duration-ms="46" status="PASS">
          <reporter-output>
          </reporter-output>
        </test-method> <!-- close -->
      </class> <!-- testLayer.LoginTest -->
    </test> <!-- Default test -->
  </suite> <!-- Default suite -->
</testng-results>
